<?xml version="1.0" encoding="UTF-8"?>
<!-- Generated by org.testng.reporters.JUnitXMLReporter -->
<testsuite ignored="0" hostname="LAPTOP-RGUG7RA7" failures="0" tests="4" name="Default test" time="10.657" errors="0" timestamp="2024-12-05T18:32:26 IST">
  <testcase classname="BesantOCT.seleniumtest.pom_login_Test" name="emptyLogin" time="0.59"/>
  <testcase classname="BesantOCT.seleniumtest.pom_login_Test" name="invalidLoginTest" time="1.058"/>
  <testcase classname="BesantOCT.seleniumtest.pom_login_Test" name="titleTest" time="0.011"/>
  <testcase classname="BesantOCT.seleniumtest.pom_login_Test" name="validloginTest" time="0.273"/>
</testsuite> <!-- Default test -->
