<?xml version="1.0" encoding="UTF-8"?>
<!-- Generated by org.testng.reporters.JUnitXMLReporter -->
<testsuite ignored="0" hostname="LAPTOP-RGUG7RA7" failures="0" tests="6" name="Test" time="0.086" errors="0" timestamp="2024-11-21T08:34:50 IST">
  <testcase classname="BesantOCT.seleniumtest.TestNG_Parallel" name="test1" time="0.013"/>
  <testcase classname="BesantOCT.seleniumtest.TestNG_Parameterized" name="test1" time="0.013"/>
  <testcase classname="BesantOCT.seleniumtest.TestNG_Parallel" name="test2" time="0.002"/>
  <testcase classname="BesantOCT.seleniumtest.TestNG_Parameterized" name="test2" time="0.004"/>
  <testcase classname="BesantOCT.seleniumtest.TestNG_Parallel" name="test3" time="0.002"/>
  <testcase classname="BesantOCT.seleniumtest.TestNG_Parameterized" name="test3" time="0.001"/>
</testsuite> <!-- Test -->
