<?xml version="1.0" encoding="UTF-8"?>
<testng-results ignored="0" total="4" passed="4" failed="0" skipped="0">
  <reporter-output>
  </reporter-output>
  <suite started-at="2024-12-05T18:32:15 IST" name="Default suite" finished-at="2024-12-05T18:32:26 IST" duration-ms="10657">
    <groups>
    </groups>
    <test started-at="2024-12-05T18:32:15 IST" name="Default test" finished-at="2024-12-05T18:32:26 IST" duration-ms="10657">
      <class name="BesantOCT.seleniumtest.pom_login_Test">
        <test-method is-config="true" signature="setup()[pri:0, instance:BesantOCT.seleniumtest.pom_login_Test@489115ef]" started-at="2024-12-05T18:32:15 IST" name="setup" finished-at="2024-12-05T18:32:18 IST" duration-ms="2096" status="PASS">
          <reporter-output>
          </reporter-output>
        </test-method> <!-- setup -->
        <test-method signature="emptyLogin()[pri:0, instance:BesantOCT.seleniumtest.pom_login_Test@489115ef]" started-at="2024-12-05T18:32:18 IST" name="emptyLogin" finished-at="2024-12-05T18:32:18 IST" duration-ms="590" status="PASS">
          <reporter-output>
          </reporter-output>
        </test-method> <!-- emptyLogin -->
        <test-method is-config="true" signature="tearDown()[pri:0, instance:BesantOCT.seleniumtest.pom_login_Test@489115ef]" started-at="2024-12-05T18:32:18 IST" name="tearDown" finished-at="2024-12-05T18:32:18 IST" duration-ms="269" status="PASS">
          <reporter-output>
          </reporter-output>
        </test-method> <!-- tearDown -->
        <test-method is-config="true" signature="setup()[pri:0, instance:BesantOCT.seleniumtest.pom_login_Test@489115ef]" started-at="2024-12-05T18:32:18 IST" name="setup" finished-at="2024-12-05T18:32:20 IST" duration-ms="1562" status="PASS">
          <reporter-output>
          </reporter-output>
        </test-method> <!-- setup -->
        <test-method signature="invalidLoginTest()[pri:0, instance:BesantOCT.seleniumtest.pom_login_Test@489115ef]" started-at="2024-12-05T18:32:20 IST" name="invalidLoginTest" finished-at="2024-12-05T18:32:21 IST" duration-ms="1058" status="PASS">
          <reporter-output>
          </reporter-output>
        </test-method> <!-- invalidLoginTest -->
        <test-method is-config="true" signature="tearDown()[pri:0, instance:BesantOCT.seleniumtest.pom_login_Test@489115ef]" started-at="2024-12-05T18:32:21 IST" name="tearDown" finished-at="2024-12-05T18:32:21 IST" duration-ms="172" status="PASS">
          <reporter-output>
          </reporter-output>
        </test-method> <!-- tearDown -->
        <test-method is-config="true" signature="setup()[pri:0, instance:BesantOCT.seleniumtest.pom_login_Test@489115ef]" started-at="2024-12-05T18:32:21 IST" name="setup" finished-at="2024-12-05T18:32:23 IST" duration-ms="1832" status="PASS">
          <reporter-output>
          </reporter-output>
        </test-method> <!-- setup -->
        <test-method signature="titleTest()[pri:0, instance:BesantOCT.seleniumtest.pom_login_Test@489115ef]" started-at="2024-12-05T18:32:23 IST" name="titleTest" finished-at="2024-12-05T18:32:23 IST" duration-ms="11" status="PASS">
          <reporter-output>
          </reporter-output>
        </test-method> <!-- titleTest -->
        <test-method is-config="true" signature="tearDown()[pri:0, instance:BesantOCT.seleniumtest.pom_login_Test@489115ef]" started-at="2024-12-05T18:32:23 IST" name="tearDown" finished-at="2024-12-05T18:32:23 IST" duration-ms="169" status="PASS">
          <reporter-output>
          </reporter-output>
        </test-method> <!-- tearDown -->
        <test-method is-config="true" signature="setup()[pri:0, instance:BesantOCT.seleniumtest.pom_login_Test@489115ef]" started-at="2024-12-05T18:32:23 IST" name="setup" finished-at="2024-12-05T18:32:26 IST" duration-ms="2389" status="PASS">
          <reporter-output>
          </reporter-output>
        </test-method> <!-- setup -->
        <test-method signature="validloginTest()[pri:0, instance:BesantOCT.seleniumtest.pom_login_Test@489115ef]" started-at="2024-12-05T18:32:26 IST" name="validloginTest" finished-at="2024-12-05T18:32:26 IST" duration-ms="273" status="PASS">
          <reporter-output>
          </reporter-output>
        </test-method> <!-- validloginTest -->
        <test-method is-config="true" signature="tearDown()[pri:0, instance:BesantOCT.seleniumtest.pom_login_Test@489115ef]" started-at="2024-12-05T18:32:26 IST" name="tearDown" finished-at="2024-12-05T18:32:26 IST" duration-ms="178" status="PASS">
          <reporter-output>
          </reporter-output>
        </test-method> <!-- tearDown -->
      </class> <!-- BesantOCT.seleniumtest.pom_login_Test -->
    </test> <!-- Default test -->
  </suite> <!-- Default suite -->
</testng-results>
